d:\source\alildoomy\alildoomy\x64\debug\vc143.pdb
d:\source\alildoomy\alildoomy\x64\debug\vc143.idb
d:\source\alildoomy\alildoomy\x64\debug\alildoomy.obj
d:\source\alildoomy\alildoomy\x64\debug\alildoomy.res
d:\source\alildoomy\alildoomy\x64\debug\alildoomy.ilk
d:\source\alildoomy\alildoomy\x64\debug\alildoomy.new.obj.enc
d:\source\alildoomy\x64\debug\alildoomy.pdb
d:\source\alildoomy\alildoomy\x64\debug\alildoomy.tlog\cl.command.1.tlog
d:\source\alildoomy\alildoomy\x64\debug\alildoomy.tlog\cl.items.tlog
d:\source\alildoomy\alildoomy\x64\debug\alildoomy.tlog\cl.read.1.tlog
d:\source\alildoomy\alildoomy\x64\debug\alildoomy.tlog\cl.write.1.tlog
d:\source\alildoomy\alildoomy\x64\debug\alildoomy.tlog\link-cvtres.read.1.tlog
d:\source\alildoomy\alildoomy\x64\debug\alildoomy.tlog\link-cvtres.write.1.tlog
d:\source\alildoomy\alildoomy\x64\debug\alildoomy.tlog\link-rc.read.1.tlog
d:\source\alildoomy\alildoomy\x64\debug\alildoomy.tlog\link-rc.write.1.tlog
d:\source\alildoomy\alildoomy\x64\debug\alildoomy.tlog\link.14340-cvtres.read.1.tlog
d:\source\alildoomy\alildoomy\x64\debug\alildoomy.tlog\link.14340-cvtres.write.1.tlog
d:\source\alildoomy\alildoomy\x64\debug\alildoomy.tlog\link.14340-rc.read.1.tlog
d:\source\alildoomy\alildoomy\x64\debug\alildoomy.tlog\link.14340-rc.write.1.tlog
d:\source\alildoomy\alildoomy\x64\debug\alildoomy.tlog\link.14340.read.1.tlog
d:\source\alildoomy\alildoomy\x64\debug\alildoomy.tlog\link.14340.read.2.tlog
d:\source\alildoomy\alildoomy\x64\debug\alildoomy.tlog\link.14340.write.1.tlog
d:\source\alildoomy\alildoomy\x64\debug\alildoomy.tlog\link.command.1.tlog
d:\source\alildoomy\alildoomy\x64\debug\alildoomy.tlog\link.read.1.tlog
d:\source\alildoomy\alildoomy\x64\debug\alildoomy.tlog\link.read.2.tlog
d:\source\alildoomy\alildoomy\x64\debug\alildoomy.tlog\link.secondary.1.tlog
d:\source\alildoomy\alildoomy\x64\debug\alildoomy.tlog\link.write.1.tlog
d:\source\alildoomy\alildoomy\x64\debug\alildoomy.tlog\rc.command.1.tlog
d:\source\alildoomy\alildoomy\x64\debug\alildoomy.tlog\rc.read.1.tlog
d:\source\alildoomy\alildoomy\x64\debug\alildoomy.tlog\rc.write.1.tlog
